C51 COMPILER V9.52.0.0   MAIN                                                              03/02/2016 10:30:42 PAGE 1   


C51 COMPILER V9.52.0.0, COMPILATION OF MODULE MAIN
OBJECT MODULE PLACED IN main.OBJ
COMPILER INVOKED BY: C:\Keil_c51\C51\BIN\C51.EXE main.c LARGE BROWSE DEBUG OBJECTEXTEND TABS(2)

line level    source

   1          #include <reg51.h>
   2          #include <intrins.h>
   3          #include <sys\sys.h>
   4          #include <lcd\lcd.h>
*** WARNING C323 IN LINE 33 OF port.h: newline expected, extra characters found
   5          #include <font\font.h>
   6          #include <touch\touch.h>
   7          #include "port.h"
   8          /******************************************************
   9          接线方式
  10          VCC=3.3V
  11          GND=GND
  12          P22=RES
  13          P23=DC
  14          P24=CS1
  15          P25=CLK
  16          P26=MOSI
  17          
  18          如果不用触摸下面三个脚可以不接
  19          P31=MISO
  20          P33=CS2
  21          P34=PEN
  22          
  23          
  24          ******************************************************/
  25            
  26          //sbit key1=P3^2;
  27          sbit key2=P3^3;
  28          sbit key3=P3^4;
  29          u8 ref=0;//刷新显示
  30          
  31          u8 jiance() //检测触摸和按键
  32          {
  33   1        if (tpstate()==0) //如果触摸按下，则进入绘图程序
  34   1         {
  35   2          LCD_Clear(WHITE); //清屏
  36   2          BACK_COLOR=WHITE;
  37   2          POINT_COLOR=RED;
  38   2          point();
  39   2          return 1;
  40   2         }  
  41   1        if(key1==0) //如果按键1按下,进入校准程序 
  42   1           {
  43   2          Touch_Adjust();//校准
  44   2          return 1;
  45   2           }
  46   1         if(key2==0)  //三色刷屏
  47   1           {
  48   2           LCD_Clear(RED);
  49   2           delayms(3000);
  50   2           LCD_Clear(GREEN);
  51   2           delayms(3000);
  52   2           LCD_Clear(BLUE);
  53   2           delayms(3000);
  54   2           return 1;
C51 COMPILER V9.52.0.0   MAIN                                                              03/02/2016 10:30:42 PAGE 2   

  55   2           }
  56   1           return 0;
  57   1      }
  58          void xianshi()//显示信息
  59          {   
  60   1        u16 lx,ly;
  61   1        BACK_COLOR=WHITE;
  62   1        POINT_COLOR=RED;  
  63   1        showhanzi(10,0,0);  //晶
  64   1        showhanzi(45,0,1);  //耀
  65   1          LCD_ShowString(10,35,"2.4 TFT SPI 240*320");
  66   1        LCD_ShowString(10,55,"LCD_W:"); LCD_ShowNum(70,55,LCD_W,3);
  67   1        LCD_ShowString(110,55,"LCD_H:");LCD_ShowNum(160,55,LCD_H,3);  
  68   1        lx=10;ly=75;      
  69   1        LCD_ShowString(lx,ly,"VX:");lx+=40;LCD_ShowNum(lx,ly,vx,5);         
  70   1        lx+=60;
  71   1        LCD_ShowString(lx,ly,"Vy:");lx+=40;LCD_ShowNum(lx,ly,vy,5);         
  72   1        lx=10;ly=95; 
  73   1        LCD_ShowString(lx,ly,"CHX:");lx+=40;LCD_ShowNum(lx,ly,chx,5);         
  74   1        lx+=60; 
  75   1        LCD_ShowString(lx,ly,"CHY:");lx+=40;LCD_ShowNum(lx,ly,chy,5);
  76   1      }
  77          void showimage() //显示40*40图片
  78          {
  79   1          int i,j,k; 
  80   1        LCD_Clear(WHITE); //清屏  
  81   1        xianshi(); //显示信息
  82   1        for(k=3;k<8;k++)
  83   1        {
  84   2            for(j=0;j<6;j++)
  85   2          { 
  86   3            Address_set(40*j,40*k,40*j+39,40*k+39);   //坐标设置
  87   3              for(i=0;i<1600;i++)
  88   3             {  
  89   4               if(jiance()) //检测触摸和按键
  90   4               {  
  91   5                ref=1;
  92   5                  return; 
  93   5               }    
  94   4                 LCD_WR_DATA8(image[i*2+1]);   
  95   4               LCD_WR_DATA8(image[i*2]);        
  96   4             }  
  97   3           }
  98   2        }
  99   1        ref=0;        
 100   1      }
 101          main()
 102          { 
 103   1        spistar()  ;//模拟SPI初始化
 104   1        Lcd_Init();   //tft初始化
 105   1        LCD_Clear(WHITE); //清屏
 106   1        BACK_COLOR=BLACK;;POINT_COLOR=WHITE; 
 107   1          showimage(); //显示40*40图片
 108   1      
 109   1        while(1)
 110   1        {
 111   2            if(jiance()) //检测触摸和按键
 112   2          { 
 113   3            showimage(); //显示40*40图片
 114   3          }
 115   2          if(ref){showimage();} //显示40*40图片
 116   2      
C51 COMPILER V9.52.0.0   MAIN                                                              03/02/2016 10:30:42 PAGE 3   

 117   2          }
 118   1      
 119   1      
 120   1      }


MODULE INFORMATION:   STATIC OVERLAYABLE
   CODE SIZE        =    936    ----
   CONSTANT SIZE    =     52    ----
   XDATA SIZE       =      1      10
   PDATA SIZE       =   ----    ----
   DATA SIZE        =   ----    ----
   IDATA SIZE       =   ----    ----
   BIT SIZE         =   ----    ----
END OF MODULE INFORMATION.


C51 COMPILATION COMPLETE.  1 WARNING(S),  0 ERROR(S)
